org.apache.ambari.server.logging.EclipseLinkLogger.log : i0 = virtualinvoke r1.<org.eclipse.persistence.logging.SessionLogEntry: int getLevel()>() >>>>>>>> org.apache.ambari.server.logging.EclipseLinkLogger.log : $r2 = virtualinvoke r1.<org.eclipse.persistence.logging.SessionLogEntry: java.lang.String getNameSpace()>()
org.apache.ambari.server.logging.EclipseLinkLogger.log : $r2 = virtualinvoke r1.<org.eclipse.persistence.logging.SessionLogEntry: java.lang.String getNameSpace()>() >>>>>>>> org.apache.ambari.server.logging.EclipseLinkLogger.log : $z0 = virtualinvoke r0.<org.apache.ambari.server.logging.EclipseLinkLogger: boolean shouldLog(int,java.lang.String)>(i0, $r2)
org.apache.ambari.server.logging.EclipseLinkLogger.log : $z0 = virtualinvoke r0.<org.apache.ambari.server.logging.EclipseLinkLogger: boolean shouldLog(int,java.lang.String)>(i0, $r2) >>>>>>>> org.apache.ambari.server.logging.EclipseLinkLogger.log : if $z0 != 0
org.apache.ambari.server.logging.EclipseLinkLogger.log : if $z0 != 0 >>>>>>>> org.apache.ambari.server.logging.EclipseLinkLogger.log : return
org.apache.ambari.server.logging.EclipseLinkLogger.log : if $z0 != 0 >>>>>>>> org.apache.ambari.server.logging.EclipseLinkLogger.log : tableswitch(i0) {     case 0:
org.apache.ambari.server.logging.EclipseLinkLogger.log : tableswitch(i0) {     case 0: >>>>>>>> org.apache.ambari.server.logging.EclipseLinkLogger.log : $r3 = <org.apache.ambari.server.logging.EclipseLinkLogger: org.slf4j.Logger JPA_LOG>
org.apache.ambari.server.logging.EclipseLinkLogger.log : tableswitch(i0) {     case 0: >>>>>>>> org.apache.ambari.server.logging.EclipseLinkLogger.log : $r11 = <org.apache.ambari.server.logging.EclipseLinkLogger: org.slf4j.Logger JPA_LOG>
org.apache.ambari.server.logging.EclipseLinkLogger.log : tableswitch(i0) {     case 0: >>>>>>>> org.apache.ambari.server.logging.EclipseLinkLogger.log : $r7 = <org.apache.ambari.server.logging.EclipseLinkLogger: org.slf4j.Logger JPA_LOG>
org.apache.ambari.server.logging.EclipseLinkLogger.log : tableswitch(i0) {     case 0: >>>>>>>> org.apache.ambari.server.logging.EclipseLinkLogger.log : $r19 = <org.apache.ambari.server.logging.EclipseLinkLogger: org.slf4j.Logger JPA_LOG>
org.apache.ambari.server.logging.EclipseLinkLogger.log : tableswitch(i0) {     case 0: >>>>>>>> org.apache.ambari.server.logging.EclipseLinkLogger.log : $r15 = <org.apache.ambari.server.logging.EclipseLinkLogger: org.slf4j.Logger JPA_LOG>
org.apache.ambari.server.logging.EclipseLinkLogger.log : tableswitch(i0) {     case 0: >>>>>>>> org.apache.ambari.server.logging.EclipseLinkLogger.log : return
org.apache.ambari.server.logging.EclipseLinkLogger.log : tableswitch(i0) {     case 0: >>>>>>>> org.apache.ambari.server.logging.EclipseLinkLogger.log : $r23 = <org.apache.ambari.server.logging.EclipseLinkLogger: org.slf4j.Logger JPA_LOG>
org.apache.ambari.server.logging.EclipseLinkLogger.log : $r23 = <org.apache.ambari.server.logging.EclipseLinkLogger: org.slf4j.Logger JPA_LOG> >>>>>>>> org.apache.ambari.server.logging.EclipseLinkLogger.log : $r24 = newarray (java.lang.Object)[3]
org.apache.ambari.server.logging.EclipseLinkLogger.log : $r24 = newarray (java.lang.Object)[3] >>>>>>>> org.apache.ambari.server.logging.EclipseLinkLogger.log : $r24[0] = "Unknown"
org.apache.ambari.server.logging.EclipseLinkLogger.log : $r24[0] = "Unknown" >>>>>>>> org.apache.ambari.server.logging.EclipseLinkLogger.log : $r25 = virtualinvoke r0.<org.apache.ambari.server.logging.EclipseLinkLogger: java.lang.String getSupplementDetailString(org.eclipse.persistence.logging.SessionLogEntry)>(r1)
org.apache.ambari.server.logging.EclipseLinkLogger.log : $r25 = virtualinvoke r0.<org.apache.ambari.server.logging.EclipseLinkLogger: java.lang.String getSupplementDetailString(org.eclipse.persistence.logging.SessionLogEntry)>(r1) >>>>>>>> org.apache.ambari.server.logging.EclipseLinkLogger.log : $r24[1] = $r25
org.apache.ambari.server.logging.EclipseLinkLogger.log : $r24[1] = $r25 >>>>>>>> org.apache.ambari.server.logging.EclipseLinkLogger.log : $r26 = virtualinvoke r0.<org.apache.ambari.server.logging.EclipseLinkLogger: java.lang.String formatMessage(org.eclipse.persistence.logging.SessionLogEntry)>(r1)
org.apache.ambari.server.logging.EclipseLinkLogger.log : $r26 = virtualinvoke r0.<org.apache.ambari.server.logging.EclipseLinkLogger: java.lang.String formatMessage(org.eclipse.persistence.logging.SessionLogEntry)>(r1) >>>>>>>> org.apache.ambari.server.logging.EclipseLinkLogger.log : $r24[2] = $r26
org.apache.ambari.server.logging.EclipseLinkLogger.log : $r24[2] = $r26 >>>>>>>> org.apache.ambari.server.logging.EclipseLinkLogger.log : interfaceinvoke $r23.<org.slf4j.Logger: void debug(java.lang.String,java.lang.Object[])>("[EL {}]: {} {}", $r24)
org.apache.ambari.server.logging.EclipseLinkLogger.log : interfaceinvoke $r23.<org.slf4j.Logger: void debug(java.lang.String,java.lang.Object[])>("[EL {}]: {} {}", $r24) >>>>>>>> org.apache.ambari.server.logging.EclipseLinkLogger.log : return
org.apache.ambari.server.logging.EclipseLinkLogger.log : $r15 = <org.apache.ambari.server.logging.EclipseLinkLogger: org.slf4j.Logger JPA_LOG> >>>>>>>> org.apache.ambari.server.logging.EclipseLinkLogger.log : $r16 = newarray (java.lang.Object)[3]
org.apache.ambari.server.logging.EclipseLinkLogger.log : $r16 = newarray (java.lang.Object)[3] >>>>>>>> org.apache.ambari.server.logging.EclipseLinkLogger.log : $r16[0] = "Error"
org.apache.ambari.server.logging.EclipseLinkLogger.log : $r16[0] = "Error" >>>>>>>> org.apache.ambari.server.logging.EclipseLinkLogger.log : $r17 = virtualinvoke r0.<org.apache.ambari.server.logging.EclipseLinkLogger: java.lang.String getSupplementDetailString(org.eclipse.persistence.logging.SessionLogEntry)>(r1)
org.apache.ambari.server.logging.EclipseLinkLogger.log : $r17 = virtualinvoke r0.<org.apache.ambari.server.logging.EclipseLinkLogger: java.lang.String getSupplementDetailString(org.eclipse.persistence.logging.SessionLogEntry)>(r1) >>>>>>>> org.apache.ambari.server.logging.EclipseLinkLogger.log : $r16[1] = $r17
org.apache.ambari.server.logging.EclipseLinkLogger.log : $r16[1] = $r17 >>>>>>>> org.apache.ambari.server.logging.EclipseLinkLogger.log : $r18 = virtualinvoke r0.<org.apache.ambari.server.logging.EclipseLinkLogger: java.lang.String formatMessage(org.eclipse.persistence.logging.SessionLogEntry)>(r1)
org.apache.ambari.server.logging.EclipseLinkLogger.log : $r18 = virtualinvoke r0.<org.apache.ambari.server.logging.EclipseLinkLogger: java.lang.String formatMessage(org.eclipse.persistence.logging.SessionLogEntry)>(r1) >>>>>>>> org.apache.ambari.server.logging.EclipseLinkLogger.log : $r16[2] = $r18
org.apache.ambari.server.logging.EclipseLinkLogger.log : $r16[2] = $r18 >>>>>>>> org.apache.ambari.server.logging.EclipseLinkLogger.log : interfaceinvoke $r15.<org.slf4j.Logger: void error(java.lang.String,java.lang.Object[])>("[EL {}]: {} {}", $r16)
org.apache.ambari.server.logging.EclipseLinkLogger.log : interfaceinvoke $r15.<org.slf4j.Logger: void error(java.lang.String,java.lang.Object[])>("[EL {}]: {} {}", $r16) >>>>>>>> org.apache.ambari.server.logging.EclipseLinkLogger.log : return
org.apache.ambari.server.logging.EclipseLinkLogger.log : $r19 = <org.apache.ambari.server.logging.EclipseLinkLogger: org.slf4j.Logger JPA_LOG> >>>>>>>> org.apache.ambari.server.logging.EclipseLinkLogger.log : $r20 = newarray (java.lang.Object)[3]
org.apache.ambari.server.logging.EclipseLinkLogger.log : $r20 = newarray (java.lang.Object)[3] >>>>>>>> org.apache.ambari.server.logging.EclipseLinkLogger.log : $r20[0] = "Warning"
org.apache.ambari.server.logging.EclipseLinkLogger.log : $r20[0] = "Warning" >>>>>>>> org.apache.ambari.server.logging.EclipseLinkLogger.log : $r21 = virtualinvoke r0.<org.apache.ambari.server.logging.EclipseLinkLogger: java.lang.String getSupplementDetailString(org.eclipse.persistence.logging.SessionLogEntry)>(r1)
org.apache.ambari.server.logging.EclipseLinkLogger.log : $r21 = virtualinvoke r0.<org.apache.ambari.server.logging.EclipseLinkLogger: java.lang.String getSupplementDetailString(org.eclipse.persistence.logging.SessionLogEntry)>(r1) >>>>>>>> org.apache.ambari.server.logging.EclipseLinkLogger.log : $r20[1] = $r21
org.apache.ambari.server.logging.EclipseLinkLogger.log : $r20[1] = $r21 >>>>>>>> org.apache.ambari.server.logging.EclipseLinkLogger.log : $r22 = virtualinvoke r0.<org.apache.ambari.server.logging.EclipseLinkLogger: java.lang.String formatMessage(org.eclipse.persistence.logging.SessionLogEntry)>(r1)
org.apache.ambari.server.logging.EclipseLinkLogger.log : $r22 = virtualinvoke r0.<org.apache.ambari.server.logging.EclipseLinkLogger: java.lang.String formatMessage(org.eclipse.persistence.logging.SessionLogEntry)>(r1) >>>>>>>> org.apache.ambari.server.logging.EclipseLinkLogger.log : $r20[2] = $r22
org.apache.ambari.server.logging.EclipseLinkLogger.log : $r20[2] = $r22 >>>>>>>> org.apache.ambari.server.logging.EclipseLinkLogger.log : interfaceinvoke $r19.<org.slf4j.Logger: void warn(java.lang.String,java.lang.Object[])>("[EL {}]: {} {}", $r20)
org.apache.ambari.server.logging.EclipseLinkLogger.log : interfaceinvoke $r19.<org.slf4j.Logger: void warn(java.lang.String,java.lang.Object[])>("[EL {}]: {} {}", $r20) >>>>>>>> org.apache.ambari.server.logging.EclipseLinkLogger.log : return
org.apache.ambari.server.logging.EclipseLinkLogger.log : $r7 = <org.apache.ambari.server.logging.EclipseLinkLogger: org.slf4j.Logger JPA_LOG> >>>>>>>> org.apache.ambari.server.logging.EclipseLinkLogger.log : $r8 = newarray (java.lang.Object)[3]
org.apache.ambari.server.logging.EclipseLinkLogger.log : $r8 = newarray (java.lang.Object)[3] >>>>>>>> org.apache.ambari.server.logging.EclipseLinkLogger.log : $r8[0] = "Info"
org.apache.ambari.server.logging.EclipseLinkLogger.log : $r8[0] = "Info" >>>>>>>> org.apache.ambari.server.logging.EclipseLinkLogger.log : $r9 = virtualinvoke r0.<org.apache.ambari.server.logging.EclipseLinkLogger: java.lang.String getSupplementDetailString(org.eclipse.persistence.logging.SessionLogEntry)>(r1)
org.apache.ambari.server.logging.EclipseLinkLogger.log : $r9 = virtualinvoke r0.<org.apache.ambari.server.logging.EclipseLinkLogger: java.lang.String getSupplementDetailString(org.eclipse.persistence.logging.SessionLogEntry)>(r1) >>>>>>>> org.apache.ambari.server.logging.EclipseLinkLogger.log : $r8[1] = $r9
org.apache.ambari.server.logging.EclipseLinkLogger.log : $r8[1] = $r9 >>>>>>>> org.apache.ambari.server.logging.EclipseLinkLogger.log : $r10 = virtualinvoke r0.<org.apache.ambari.server.logging.EclipseLinkLogger: java.lang.String formatMessage(org.eclipse.persistence.logging.SessionLogEntry)>(r1)
org.apache.ambari.server.logging.EclipseLinkLogger.log : $r10 = virtualinvoke r0.<org.apache.ambari.server.logging.EclipseLinkLogger: java.lang.String formatMessage(org.eclipse.persistence.logging.SessionLogEntry)>(r1) >>>>>>>> org.apache.ambari.server.logging.EclipseLinkLogger.log : $r8[2] = $r10
org.apache.ambari.server.logging.EclipseLinkLogger.log : $r8[2] = $r10 >>>>>>>> org.apache.ambari.server.logging.EclipseLinkLogger.log : interfaceinvoke $r7.<org.slf4j.Logger: void info(java.lang.String,java.lang.Object[])>("[EL {}]: {} {}", $r8)
org.apache.ambari.server.logging.EclipseLinkLogger.log : interfaceinvoke $r7.<org.slf4j.Logger: void info(java.lang.String,java.lang.Object[])>("[EL {}]: {} {}", $r8) >>>>>>>> org.apache.ambari.server.logging.EclipseLinkLogger.log : return
org.apache.ambari.server.logging.EclipseLinkLogger.log : $r11 = <org.apache.ambari.server.logging.EclipseLinkLogger: org.slf4j.Logger JPA_LOG> >>>>>>>> org.apache.ambari.server.logging.EclipseLinkLogger.log : $r12 = newarray (java.lang.Object)[3]
org.apache.ambari.server.logging.EclipseLinkLogger.log : $r12 = newarray (java.lang.Object)[3] >>>>>>>> org.apache.ambari.server.logging.EclipseLinkLogger.log : $r12[0] = "Debug"
org.apache.ambari.server.logging.EclipseLinkLogger.log : $r12[0] = "Debug" >>>>>>>> org.apache.ambari.server.logging.EclipseLinkLogger.log : $r13 = virtualinvoke r0.<org.apache.ambari.server.logging.EclipseLinkLogger: java.lang.String getSupplementDetailString(org.eclipse.persistence.logging.SessionLogEntry)>(r1)
org.apache.ambari.server.logging.EclipseLinkLogger.log : $r13 = virtualinvoke r0.<org.apache.ambari.server.logging.EclipseLinkLogger: java.lang.String getSupplementDetailString(org.eclipse.persistence.logging.SessionLogEntry)>(r1) >>>>>>>> org.apache.ambari.server.logging.EclipseLinkLogger.log : $r12[1] = $r13
org.apache.ambari.server.logging.EclipseLinkLogger.log : $r12[1] = $r13 >>>>>>>> org.apache.ambari.server.logging.EclipseLinkLogger.log : $r14 = virtualinvoke r0.<org.apache.ambari.server.logging.EclipseLinkLogger: java.lang.String formatMessage(org.eclipse.persistence.logging.SessionLogEntry)>(r1)
org.apache.ambari.server.logging.EclipseLinkLogger.log : $r14 = virtualinvoke r0.<org.apache.ambari.server.logging.EclipseLinkLogger: java.lang.String formatMessage(org.eclipse.persistence.logging.SessionLogEntry)>(r1) >>>>>>>> org.apache.ambari.server.logging.EclipseLinkLogger.log : $r12[2] = $r14
org.apache.ambari.server.logging.EclipseLinkLogger.log : $r12[2] = $r14 >>>>>>>> org.apache.ambari.server.logging.EclipseLinkLogger.log : interfaceinvoke $r11.<org.slf4j.Logger: void debug(java.lang.String,java.lang.Object[])>("[EL {}]: {} {}", $r12)
org.apache.ambari.server.logging.EclipseLinkLogger.log : interfaceinvoke $r11.<org.slf4j.Logger: void debug(java.lang.String,java.lang.Object[])>("[EL {}]: {} {}", $r12) >>>>>>>> org.apache.ambari.server.logging.EclipseLinkLogger.log : return
org.apache.ambari.server.logging.EclipseLinkLogger.log : $r3 = <org.apache.ambari.server.logging.EclipseLinkLogger: org.slf4j.Logger JPA_LOG> >>>>>>>> org.apache.ambari.server.logging.EclipseLinkLogger.log : $r4 = newarray (java.lang.Object)[3]
org.apache.ambari.server.logging.EclipseLinkLogger.log : $r4 = newarray (java.lang.Object)[3] >>>>>>>> org.apache.ambari.server.logging.EclipseLinkLogger.log : $r4[0] = "Trace"
org.apache.ambari.server.logging.EclipseLinkLogger.log : $r4[0] = "Trace" >>>>>>>> org.apache.ambari.server.logging.EclipseLinkLogger.log : $r5 = virtualinvoke r0.<org.apache.ambari.server.logging.EclipseLinkLogger: java.lang.String getSupplementDetailString(org.eclipse.persistence.logging.SessionLogEntry)>(r1)
org.apache.ambari.server.logging.EclipseLinkLogger.log : $r5 = virtualinvoke r0.<org.apache.ambari.server.logging.EclipseLinkLogger: java.lang.String getSupplementDetailString(org.eclipse.persistence.logging.SessionLogEntry)>(r1) >>>>>>>> org.apache.ambari.server.logging.EclipseLinkLogger.log : $r4[1] = $r5
org.apache.ambari.server.logging.EclipseLinkLogger.log : $r4[1] = $r5 >>>>>>>> org.apache.ambari.server.logging.EclipseLinkLogger.log : $r6 = virtualinvoke r0.<org.apache.ambari.server.logging.EclipseLinkLogger: java.lang.String formatMessage(org.eclipse.persistence.logging.SessionLogEntry)>(r1)
org.apache.ambari.server.logging.EclipseLinkLogger.log : $r6 = virtualinvoke r0.<org.apache.ambari.server.logging.EclipseLinkLogger: java.lang.String formatMessage(org.eclipse.persistence.logging.SessionLogEntry)>(r1) >>>>>>>> org.apache.ambari.server.logging.EclipseLinkLogger.log : $r4[2] = $r6
org.apache.ambari.server.logging.EclipseLinkLogger.log : $r4[2] = $r6 >>>>>>>> org.apache.ambari.server.logging.EclipseLinkLogger.log : interfaceinvoke $r3.<org.slf4j.Logger: void trace(java.lang.String,java.lang.Object[])>("[EL {}]: {} {}", $r4)
org.apache.ambari.server.logging.EclipseLinkLogger.log : interfaceinvoke $r3.<org.slf4j.Logger: void trace(java.lang.String,java.lang.Object[])>("[EL {}]: {} {}", $r4) >>>>>>>> org.apache.ambari.server.logging.EclipseLinkLogger.log : return
